<?xml version="1.0" encoding="UTF-8"?>
<coverage generated="1692801740808" clover="3.2.0">
  <project timestamp="1692801740808" name="All files">
    <metrics statements="29" coveredstatements="29" conditionals="0" coveredconditionals="0" methods="16" coveredmethods="13" elements="45" coveredelements="42" complexity="0" loc="29" ncloc="29" packages="1" files="2" classes="2"/>
    <file name="Car.js" path="/Users/rnwalker/Documents/bnta_work/week_08/day_03/constructors_prototypes_task/Car.js">
      <metrics statements="11" coveredstatements="11" conditionals="0" coveredconditionals="0" methods="7" coveredmethods="4"/>
      <line num="1" count="2" type="stmt"/>
      <line num="2" count="7" type="stmt"/>
      <line num="3" count="7" type="stmt"/>
      <line num="4" count="7" type="stmt"/>
      <line num="9" count="2" type="stmt"/>
      <line num="10" count="2" type="stmt"/>
      <line num="11" count="2" type="stmt"/>
      <line num="14" count="2" type="stmt"/>
      <line num="15" count="2" type="stmt"/>
      <line num="16" count="2" type="stmt"/>
      <line num="18" count="2" type="stmt"/>
    </file>
    <file name="Dealership.js" path="/Users/rnwalker/Documents/bnta_work/week_08/day_03/constructors_prototypes_task/Dealership.js">
      <metrics statements="18" coveredstatements="18" conditionals="0" coveredconditionals="0" methods="9" coveredmethods="9"/>
      <line num="1" count="1" type="stmt"/>
      <line num="2" count="1" type="stmt"/>
      <line num="3" count="1" type="stmt"/>
      <line num="4" count="1" type="stmt"/>
      <line num="9" count="1" type="stmt"/>
      <line num="10" count="1" type="stmt"/>
      <line num="15" count="1" type="stmt"/>
      <line num="16" count="4" type="stmt"/>
      <line num="21" count="1" type="stmt"/>
      <line num="22" count="1" type="stmt"/>
      <line num="23" count="1" type="stmt"/>
      <line num="24" count="4" type="stmt"/>
      <line num="26" count="1" type="stmt"/>
      <line num="32" count="1" type="stmt"/>
      <line num="33" count="4" type="stmt"/>
      <line num="38" count="1" type="stmt"/>
      <line num="39" count="4" type="stmt"/>
      <line num="42" count="1" type="stmt"/>
    </file>
  </project>
</coverage>
