{"/Users/rnwalker/Documents/bnta_work/week_08/day_03/constructors_prototypes_task/Car.js": {"path":"/Users/rnwalker/Documents/bnta_work/week_08/day_03/constructors_prototypes_task/Car.js","statementMap":{"0":{"start":{"line":1,"column":12},"end":{"line":5,"column":1}},"1":{"start":{"line":2,"column":4},"end":{"line":2,"column":37}},"2":{"start":{"line":3,"column":4},"end":{"line":3,"column":23}},"3":{"start":{"line":4,"column":4},"end":{"line":4,"column":33}},"4":{"start":{"line":9,"column":0},"end":{"line":9,"column":69}},"5":{"start":{"line":9,"column":43},"end":{"line":9,"column":68}},"6":{"start":{"line":10,"column":0},"end":{"line":10,"column":55}},"7":{"start":{"line":10,"column":36},"end":{"line":10,"column":54}},"8":{"start":{"line":11,"column":0},"end":{"line":11,"column":65}},"9":{"start":{"line":11,"column":41},"end":{"line":11,"column":64}},"10":{"start":{"line":14,"column":0},"end":{"line":14,"column":96}},"11":{"start":{"line":14,"column":59},"end":{"line":14,"column":95}},"12":{"start":{"line":15,"column":0},"end":{"line":15,"column":68}},"13":{"start":{"line":15,"column":45},"end":{"line":15,"column":67}},"14":{"start":{"line":16,"column":0},"end":{"line":16,"column":88}},"15":{"start":{"line":16,"column":55},"end":{"line":16,"column":87}},"16":{"start":{"line":18,"column":0},"end":{"line":18,"column":21}}},"fnMap":{"0":{"name":"(anonymous_0)","decl":{"start":{"line":1,"column":12},"end":{"line":1,"column":13}},"loc":{"start":{"line":1,"column":53},"end":{"line":5,"column":1}},"line":1},"1":{"name":"(anonymous_1)","decl":{"start":{"line":9,"column":32},"end":{"line":9,"column":33}},"loc":{"start":{"line":9,"column":42},"end":{"line":9,"column":69}},"line":9},"2":{"name":"(anonymous_2)","decl":{"start":{"line":10,"column":25},"end":{"line":10,"column":26}},"loc":{"start":{"line":10,"column":35},"end":{"line":10,"column":55}},"line":10},"3":{"name":"(anonymous_3)","decl":{"start":{"line":11,"column":30},"end":{"line":11,"column":31}},"loc":{"start":{"line":11,"column":40},"end":{"line":11,"column":65}},"line":11},"4":{"name":"(anonymous_4)","decl":{"start":{"line":14,"column":32},"end":{"line":14,"column":33}},"loc":{"start":{"line":14,"column":58},"end":{"line":14,"column":96}},"line":14},"5":{"name":"(anonymous_5)","decl":{"start":{"line":15,"column":25},"end":{"line":15,"column":26}},"loc":{"start":{"line":15,"column":44},"end":{"line":15,"column":68}},"line":15},"6":{"name":"(anonymous_6)","decl":{"start":{"line":16,"column":30},"end":{"line":16,"column":31}},"loc":{"start":{"line":16,"column":54},"end":{"line":16,"column":88}},"line":16}},"branchMap":{},"s":{"0":2,"1":7,"2":7,"3":7,"4":2,"5":1,"6":2,"7":1,"8":2,"9":1,"10":2,"11":0,"12":2,"13":0,"14":2,"15":0,"16":2},"f":{"0":7,"1":1,"2":1,"3":1,"4":0,"5":0,"6":0},"b":{},"_coverageSchema":"1a1c01bbd47fc00a2c39e90264f33305004495a9","hash":"2a3251f99899d0528e1649c800a48db43db211ba"}
,"/Users/rnwalker/Documents/bnta_work/week_08/day_03/constructors_prototypes_task/Dealership.js": {"path":"/Users/rnwalker/Documents/bnta_work/week_08/day_03/constructors_prototypes_task/Dealership.js","statementMap":{"0":{"start":{"line":1,"column":19},"end":{"line":5,"column":1}},"1":{"start":{"line":2,"column":4},"end":{"line":2,"column":21}},"2":{"start":{"line":3,"column":4},"end":{"line":3,"column":35}},"3":{"start":{"line":4,"column":4},"end":{"line":4,"column":27}},"4":{"start":{"line":9,"column":0},"end":{"line":11,"column":1}},"5":{"start":{"line":10,"column":4},"end":{"line":10,"column":36}},"6":{"start":{"line":15,"column":0},"end":{"line":17,"column":1}},"7":{"start":{"line":16,"column":4},"end":{"line":16,"column":35}},"8":{"start":{"line":21,"column":0},"end":{"line":28,"column":1}},"9":{"start":{"line":22,"column":32},"end":{"line":22,"column":41}},"10":{"start":{"line":23,"column":4},"end":{"line":25,"column":7}},"11":{"start":{"line":24,"column":8},"end":{"line":24,"column":50}},"12":{"start":{"line":26,"column":4},"end":{"line":26,"column":43}},"13":{"start":{"line":32,"column":0},"end":{"line":34,"column":1}},"14":{"start":{"line":33,"column":4},"end":{"line":33,"column":78}},"15":{"start":{"line":33,"column":43},"end":{"line":33,"column":76}},"16":{"start":{"line":38,"column":0},"end":{"line":40,"column":1}},"17":{"start":{"line":39,"column":4},"end":{"line":39,"column":84}},"18":{"start":{"line":39,"column":57},"end":{"line":39,"column":79}},"19":{"start":{"line":42,"column":0},"end":{"line":42,"column":28}}},"fnMap":{"0":{"name":"(anonymous_0)","decl":{"start":{"line":1,"column":19},"end":{"line":1,"column":20}},"loc":{"start":{"line":1,"column":61},"end":{"line":5,"column":1}},"line":1},"1":{"name":"(anonymous_1)","decl":{"start":{"line":9,"column":39},"end":{"line":9,"column":40}},"loc":{"start":{"line":9,"column":49},"end":{"line":11,"column":1}},"line":9},"2":{"name":"(anonymous_2)","decl":{"start":{"line":15,"column":37},"end":{"line":15,"column":38}},"loc":{"start":{"line":15,"column":53},"end":{"line":17,"column":1}},"line":15},"3":{"name":"(anonymous_3)","decl":{"start":{"line":21,"column":43},"end":{"line":21,"column":44}},"loc":{"start":{"line":21,"column":54},"end":{"line":28,"column":1}},"line":21},"4":{"name":"(anonymous_4)","decl":{"start":{"line":23,"column":30},"end":{"line":23,"column":31}},"loc":{"start":{"line":23,"column":37},"end":{"line":25,"column":5}},"line":23},"5":{"name":"(anonymous_5)","decl":{"start":{"line":32,"column":44},"end":{"line":32,"column":45}},"loc":{"start":{"line":32,"column":67},"end":{"line":34,"column":1}},"line":32},"6":{"name":"(anonymous_6)","decl":{"start":{"line":33,"column":36},"end":{"line":33,"column":37}},"loc":{"start":{"line":33,"column":43},"end":{"line":33,"column":76}},"line":33},"7":{"name":"(anonymous_7)","decl":{"start":{"line":38,"column":43},"end":{"line":38,"column":44}},"loc":{"start":{"line":38,"column":53},"end":{"line":40,"column":1}},"line":38},"8":{"name":"(anonymous_8)","decl":{"start":{"line":39,"column":36},"end":{"line":39,"column":37}},"loc":{"start":{"line":39,"column":57},"end":{"line":39,"column":79}},"line":39}},"branchMap":{},"s":{"0":1,"1":1,"2":1,"3":1,"4":1,"5":1,"6":1,"7":4,"8":1,"9":1,"10":1,"11":4,"12":1,"13":1,"14":1,"15":4,"16":1,"17":1,"18":4,"19":1},"f":{"0":1,"1":1,"2":4,"3":1,"4":4,"5":1,"6":4,"7":1,"8":4},"b":{},"_coverageSchema":"1a1c01bbd47fc00a2c39e90264f33305004495a9","hash":"659e1c6170c65a2cace2e469a0dd789022d7be3b"}
}
