{"/Users/rnwalker/Documents/bnta_work/week_08/day_03/constructors_prototypes_task/Car.js": {"path":"/Users/rnwalker/Documents/bnta_work/week_08/day_03/constructors_prototypes_task/Car.js","statementMap":{"0":{"start":{"line":1,"column":12},"end":{"line":5,"column":1}},"1":{"start":{"line":2,"column":4},"end":{"line":2,"column":37}},"2":{"start":{"line":3,"column":4},"end":{"line":3,"column":23}},"3":{"start":{"line":4,"column":4},"end":{"line":4,"column":33}},"4":{"start":{"line":9,"column":0},"end":{"line":9,"column":69}},"5":{"start":{"line":9,"column":43},"end":{"line":9,"column":68}},"6":{"start":{"line":10,"column":0},"end":{"line":10,"column":55}},"7":{"start":{"line":10,"column":36},"end":{"line":10,"column":54}},"8":{"start":{"line":11,"column":0},"end":{"line":11,"column":65}},"9":{"start":{"line":11,"column":41},"end":{"line":11,"column":64}},"10":{"start":{"line":14,"column":0},"end":{"line":14,"column":96}},"11":{"start":{"line":14,"column":59},"end":{"line":14,"column":95}},"12":{"start":{"line":15,"column":0},"end":{"line":15,"column":68}},"13":{"start":{"line":15,"column":45},"end":{"line":15,"column":67}},"14":{"start":{"line":16,"column":0},"end":{"line":16,"column":88}},"15":{"start":{"line":16,"column":55},"end":{"line":16,"column":87}},"16":{"start":{"line":18,"column":0},"end":{"line":18,"column":21}}},"fnMap":{"0":{"name":"(anonymous_0)","decl":{"start":{"line":1,"column":12},"end":{"line":1,"column":13}},"loc":{"start":{"line":1,"column":53},"end":{"line":5,"column":1}},"line":1},"1":{"name":"(anonymous_1)","decl":{"start":{"line":9,"column":32},"end":{"line":9,"column":33}},"loc":{"start":{"line":9,"column":42},"end":{"line":9,"column":69}},"line":9},"2":{"name":"(anonymous_2)","decl":{"start":{"line":10,"column":25},"end":{"line":10,"column":26}},"loc":{"start":{"line":10,"column":35},"end":{"line":10,"column":55}},"line":10},"3":{"name":"(anonymous_3)","decl":{"start":{"line":11,"column":30},"end":{"line":11,"column":31}},"loc":{"start":{"line":11,"column":40},"end":{"line":11,"column":65}},"line":11},"4":{"name":"(anonymous_4)","decl":{"start":{"line":14,"column":32},"end":{"line":14,"column":33}},"loc":{"start":{"line":14,"column":58},"end":{"line":14,"column":96}},"line":14},"5":{"name":"(anonymous_5)","decl":{"start":{"line":15,"column":25},"end":{"line":15,"column":26}},"loc":{"start":{"line":15,"column":44},"end":{"line":15,"column":68}},"line":15},"6":{"name":"(anonymous_6)","decl":{"start":{"line":16,"column":30},"end":{"line":16,"column":31}},"loc":{"start":{"line":16,"column":54},"end":{"line":16,"column":88}},"line":16}},"branchMap":{},"s":{"0":2,"1":7,"2":7,"3":7,"4":2,"5":1,"6":2,"7":3,"8":2,"9":1,"10":2,"11":0,"12":2,"13":0,"14":2,"15":0,"16":2},"f":{"0":7,"1":1,"2":3,"3":1,"4":0,"5":0,"6":0},"b":{},"_coverageSchema":"1a1c01bbd47fc00a2c39e90264f33305004495a9","hash":"2a3251f99899d0528e1649c800a48db43db211ba"}
,"/Users/rnwalker/Documents/bnta_work/week_08/day_03/constructors_prototypes_task/Customer.js": {"path":"/Users/rnwalker/Documents/bnta_work/week_08/day_03/constructors_prototypes_task/Customer.js","statementMap":{"0":{"start":{"line":1,"column":12},"end":{"line":1,"column":28}},"1":{"start":{"line":3,"column":17},"end":{"line":7,"column":1}},"2":{"start":{"line":4,"column":4},"end":{"line":4,"column":21}},"3":{"start":{"line":5,"column":4},"end":{"line":5,"column":25}},"4":{"start":{"line":6,"column":4},"end":{"line":6,"column":20}},"5":{"start":{"line":11,"column":0},"end":{"line":11,"column":58}},"6":{"start":{"line":11,"column":40},"end":{"line":11,"column":57}},"7":{"start":{"line":12,"column":0},"end":{"line":12,"column":62}},"8":{"start":{"line":12,"column":42},"end":{"line":12,"column":61}},"9":{"start":{"line":13,"column":0},"end":{"line":13,"column":56}},"10":{"start":{"line":13,"column":39},"end":{"line":13,"column":55}},"11":{"start":{"line":17,"column":0},"end":{"line":17,"column":69}},"12":{"start":{"line":17,"column":48},"end":{"line":17,"column":68}},"13":{"start":{"line":18,"column":0},"end":{"line":18,"column":77}},"14":{"start":{"line":18,"column":52},"end":{"line":18,"column":76}},"15":{"start":{"line":19,"column":0},"end":{"line":19,"column":65}},"16":{"start":{"line":19,"column":46},"end":{"line":19,"column":64}},"17":{"start":{"line":24,"column":0},"end":{"line":31,"column":1}},"18":{"start":{"line":25,"column":21},"end":{"line":25,"column":35}},"19":{"start":{"line":26,"column":4},"end":{"line":30,"column":27}},"20":{"start":{"line":27,"column":8},"end":{"line":27,"column":25}},"21":{"start":{"line":28,"column":8},"end":{"line":28,"column":53}},"22":{"start":{"line":29,"column":8},"end":{"line":29,"column":20}},"23":{"start":{"line":30,"column":13},"end":{"line":30,"column":25}},"24":{"start":{"line":33,"column":0},"end":{"line":33,"column":26}}},"fnMap":{"0":{"name":"(anonymous_0)","decl":{"start":{"line":3,"column":17},"end":{"line":3,"column":18}},"loc":{"start":{"line":3,"column":39},"end":{"line":7,"column":1}},"line":3},"1":{"name":"(anonymous_1)","decl":{"start":{"line":11,"column":29},"end":{"line":11,"column":30}},"loc":{"start":{"line":11,"column":39},"end":{"line":11,"column":58}},"line":11},"2":{"name":"(anonymous_2)","decl":{"start":{"line":12,"column":31},"end":{"line":12,"column":32}},"loc":{"start":{"line":12,"column":41},"end":{"line":12,"column":62}},"line":12},"3":{"name":"(anonymous_3)","decl":{"start":{"line":13,"column":28},"end":{"line":13,"column":29}},"loc":{"start":{"line":13,"column":38},"end":{"line":13,"column":56}},"line":13},"4":{"name":"(anonymous_4)","decl":{"start":{"line":17,"column":29},"end":{"line":17,"column":30}},"loc":{"start":{"line":17,"column":47},"end":{"line":17,"column":69}},"line":17},"5":{"name":"(anonymous_5)","decl":{"start":{"line":18,"column":31},"end":{"line":18,"column":32}},"loc":{"start":{"line":18,"column":51},"end":{"line":18,"column":77}},"line":18},"6":{"name":"(anonymous_6)","decl":{"start":{"line":19,"column":28},"end":{"line":19,"column":29}},"loc":{"start":{"line":19,"column":45},"end":{"line":19,"column":65}},"line":19},"7":{"name":"(anonymous_7)","decl":{"start":{"line":24,"column":28},"end":{"line":24,"column":29}},"loc":{"start":{"line":24,"column":42},"end":{"line":31,"column":1}},"line":24}},"branchMap":{"0":{"loc":{"start":{"line":26,"column":4},"end":{"line":30,"column":27}},"type":"if","locations":[{"start":{"line":26,"column":4},"end":{"line":30,"column":27}},{"start":{"line":30,"column":11},"end":{"line":30,"column":27}}],"line":26}},"s":{"0":1,"1":1,"2":2,"3":2,"4":2,"5":1,"6":0,"7":1,"8":3,"9":1,"10":0,"11":1,"12":0,"13":1,"14":1,"15":1,"16":1,"17":1,"18":2,"19":2,"20":1,"21":1,"22":1,"23":1,"24":1},"f":{"0":2,"1":0,"2":3,"3":0,"4":0,"5":1,"6":1,"7":2},"b":{"0":[1,1]},"_coverageSchema":"1a1c01bbd47fc00a2c39e90264f33305004495a9","hash":"cd1e4f78729530027fe38cb0a7ea66a43c07e23d"}
,"/Users/rnwalker/Documents/bnta_work/week_08/day_03/constructors_prototypes_task/Dealership.js": {"path":"/Users/rnwalker/Documents/bnta_work/week_08/day_03/constructors_prototypes_task/Dealership.js","statementMap":{"0":{"start":{"line":1,"column":17},"end":{"line":1,"column":38}},"1":{"start":{"line":3,"column":19},"end":{"line":7,"column":1}},"2":{"start":{"line":4,"column":4},"end":{"line":4,"column":21}},"3":{"start":{"line":5,"column":4},"end":{"line":5,"column":35}},"4":{"start":{"line":6,"column":4},"end":{"line":6,"column":27}},"5":{"start":{"line":11,"column":0},"end":{"line":13,"column":1}},"6":{"start":{"line":12,"column":4},"end":{"line":12,"column":36}},"7":{"start":{"line":17,"column":0},"end":{"line":22,"column":2}},"8":{"start":{"line":18,"column":4},"end":{"line":21,"column":1}},"9":{"start":{"line":19,"column":8},"end":{"line":19,"column":20}},"10":{"start":{"line":20,"column":12},"end":{"line":20,"column":40}},"11":{"start":{"line":26,"column":0},"end":{"line":33,"column":1}},"12":{"start":{"line":27,"column":32},"end":{"line":27,"column":41}},"13":{"start":{"line":28,"column":4},"end":{"line":30,"column":7}},"14":{"start":{"line":29,"column":8},"end":{"line":29,"column":50}},"15":{"start":{"line":31,"column":4},"end":{"line":31,"column":43}},"16":{"start":{"line":37,"column":0},"end":{"line":39,"column":1}},"17":{"start":{"line":38,"column":4},"end":{"line":38,"column":78}},"18":{"start":{"line":38,"column":43},"end":{"line":38,"column":76}},"19":{"start":{"line":43,"column":0},"end":{"line":45,"column":1}},"20":{"start":{"line":44,"column":4},"end":{"line":44,"column":84}},"21":{"start":{"line":44,"column":57},"end":{"line":44,"column":79}},"22":{"start":{"line":49,"column":0},"end":{"line":56,"column":1}},"23":{"start":{"line":50,"column":4},"end":{"line":55,"column":25}},"24":{"start":{"line":51,"column":30},"end":{"line":51,"column":89}},"25":{"start":{"line":51,"column":70},"end":{"line":51,"column":88}},"26":{"start":{"line":52,"column":8},"end":{"line":52,"column":42}},"27":{"start":{"line":53,"column":8},"end":{"line":53,"column":20}},"28":{"start":{"line":55,"column":11},"end":{"line":55,"column":24}},"29":{"start":{"line":57,"column":0},"end":{"line":57,"column":28}}},"fnMap":{"0":{"name":"(anonymous_0)","decl":{"start":{"line":3,"column":19},"end":{"line":3,"column":20}},"loc":{"start":{"line":3,"column":61},"end":{"line":7,"column":1}},"line":3},"1":{"name":"(anonymous_1)","decl":{"start":{"line":11,"column":39},"end":{"line":11,"column":40}},"loc":{"start":{"line":11,"column":49},"end":{"line":13,"column":1}},"line":11},"2":{"name":"(anonymous_2)","decl":{"start":{"line":17,"column":37},"end":{"line":17,"column":38}},"loc":{"start":{"line":17,"column":50},"end":{"line":22,"column":1}},"line":17},"3":{"name":"(anonymous_3)","decl":{"start":{"line":26,"column":43},"end":{"line":26,"column":44}},"loc":{"start":{"line":26,"column":54},"end":{"line":33,"column":1}},"line":26},"4":{"name":"(anonymous_4)","decl":{"start":{"line":28,"column":30},"end":{"line":28,"column":31}},"loc":{"start":{"line":28,"column":37},"end":{"line":30,"column":5}},"line":28},"5":{"name":"(anonymous_5)","decl":{"start":{"line":37,"column":44},"end":{"line":37,"column":45}},"loc":{"start":{"line":37,"column":67},"end":{"line":39,"column":1}},"line":37},"6":{"name":"(anonymous_6)","decl":{"start":{"line":38,"column":36},"end":{"line":38,"column":37}},"loc":{"start":{"line":38,"column":43},"end":{"line":38,"column":76}},"line":38},"7":{"name":"(anonymous_7)","decl":{"start":{"line":43,"column":43},"end":{"line":43,"column":44}},"loc":{"start":{"line":43,"column":53},"end":{"line":45,"column":1}},"line":43},"8":{"name":"(anonymous_8)","decl":{"start":{"line":44,"column":36},"end":{"line":44,"column":37}},"loc":{"start":{"line":44,"column":57},"end":{"line":44,"column":79}},"line":44},"9":{"name":"(anonymous_9)","decl":{"start":{"line":49,"column":31},"end":{"line":49,"column":32}},"loc":{"start":{"line":49,"column":54},"end":{"line":56,"column":1}},"line":49},"10":{"name":"(anonymous_10)","decl":{"start":{"line":51,"column":56},"end":{"line":51,"column":57}},"loc":{"start":{"line":51,"column":70},"end":{"line":51,"column":88}},"line":51}},"branchMap":{"0":{"loc":{"start":{"line":18,"column":4},"end":{"line":21,"column":1}},"type":"if","locations":[{"start":{"line":18,"column":4},"end":{"line":21,"column":1}},{"start":{"line":20,"column":11},"end":{"line":21,"column":1}}],"line":18},"1":{"loc":{"start":{"line":50,"column":4},"end":{"line":55,"column":25}},"type":"if","locations":[{"start":{"line":50,"column":4},"end":{"line":55,"column":25}},{"start":{"line":55,"column":9},"end":{"line":55,"column":25}}],"line":50}},"s":{"0":1,"1":1,"2":1,"3":1,"4":1,"5":1,"6":1,"7":1,"8":5,"9":1,"10":4,"11":1,"12":1,"13":1,"14":4,"15":1,"16":1,"17":1,"18":4,"19":1,"20":1,"21":4,"22":1,"23":2,"24":1,"25":4,"26":1,"27":1,"28":1,"29":1},"f":{"0":1,"1":1,"2":5,"3":1,"4":4,"5":1,"6":4,"7":1,"8":4,"9":2,"10":4},"b":{"0":[1,4],"1":[1,1]},"_coverageSchema":"1a1c01bbd47fc00a2c39e90264f33305004495a9","hash":"4e1c0f587b2b95846f3ee9bf182c6899ed14346d"}
}
